2023-11-24 15:50:11 PM  chrome browser launch
2023-11-24 15:50:11 PM  Execution of Test Scenario fetchBillRegression start
2023-11-24 15:50:23 PM  User click on fetch Bill button 
2023-11-24 15:50:31 PM  This is Test Scenario :fetchBillRegression get fail
2023-11-24 15:51:40 PM  chrome browser launch
2023-11-24 15:51:40 PM  Execution of Test Scenario fetchBillRegression start
2023-11-24 15:51:49 PM  User click on fetch Bill button 
2023-11-24 15:52:00 PM  This is Test Scenario :fetchBillRegression get fail
2023-11-24 15:55:26 PM  chrome browser launch
2023-11-24 15:55:26 PM  Execution of Test Scenario fetchBillRegression start
2023-11-24 15:55:36 PM  User click on fetch Bill button 
2023-11-24 15:55:45 PM  This is Test Scenario :fetchBillRegression get fail
2023-11-24 15:56:40 PM  chrome browser launch
2023-11-24 15:56:40 PM  Execution of Test Scenario fetchBillRegression start
2023-11-24 15:56:49 PM  User click on fetch Bill button 
2023-11-24 15:56:59 PM  User click on fetch Bill button 
2023-11-24 15:57:09 PM  User click on fetch Bill button 
2023-11-24 15:57:19 PM  User click on fetch Bill button 
2023-11-24 15:57:23 PM  This is Test Scenario :fetchBillRegression get fail
2023-11-24 16:04:47 PM  chrome browser launch
2023-11-24 16:04:47 PM  Execution of Test Scenario fetchBillRegression start
2023-11-24 16:04:56 PM  User click on fetch Bill button 
2023-11-24 16:05:09 PM  This is Test Scenario :fetchBillRegression get fail
2023-11-24 16:06:20 PM  chrome browser launch
2023-11-24 16:06:21 PM  Execution of Test Scenario fetchBillRegression start
2023-11-24 16:06:29 PM  User click on fetch Bill button 
2023-11-24 16:06:43 PM  This is Test Scenario :fetchBillRegression get fail
2023-11-24 16:08:12 PM  chrome browser launch
2023-11-24 16:08:12 PM  Execution of Test Scenario fetchBillRegression start
2023-11-24 16:08:22 PM  User click on fetch Bill button 
2023-11-24 16:08:37 PM  This is Test Scenario :fetchBillRegression get fail
2023-11-24 16:11:14 PM  chrome browser launch
2023-11-24 16:11:14 PM  Execution of Test Scenario fetchBillRegression start
2023-11-24 16:11:24 PM  User click on fetch Bill button 
2023-11-24 16:11:39 PM  This is Test Scenario :fetchBillRegression get fail
2023-11-24 16:12:30 PM  chrome browser launch
2023-11-24 16:12:30 PM  Execution of Test Scenario fetchBillRegression start
2023-11-24 16:12:40 PM  User click on fetch Bill button 
2023-11-24 16:12:55 PM  This is Test Scenario :fetchBillRegression get fail
2023-11-24 16:15:07 PM  chrome browser launch
2023-11-24 16:15:08 PM  Execution of Test Scenario fetchBillRegression start
2023-11-24 16:15:19 PM  User click on fetch Bill button 
2023-11-24 16:15:34 PM  This is Test Scenario :fetchBillRegression get fail
2023-11-24 16:17:30 PM  chrome browser launch
2023-11-24 16:17:30 PM  Execution of Test Scenario fetchBillRegression start
2023-11-24 16:17:39 PM  User click on fetch Bill button 
2023-11-24 16:17:54 PM  This is Test Scenario :fetchBillRegression get fail
2023-11-24 16:54:26 PM  chrome browser launch
2023-11-24 16:54:26 PM  Execution of Test Scenario fetchBillRegression start
2023-11-24 16:54:39 PM  User click on fetch Bill button 
2023-11-24 16:54:54 PM  This is Test Scenario :fetchBillRegression get fail
2023-11-24 16:59:47 PM  chrome browser launch
2023-11-24 16:59:47 PM  Execution of Test Scenario fetchBillRegression start
2023-11-24 17:00:06 PM  User click on fetch Bill button 
2023-11-24 17:00:22 PM  This is Test Scenario :fetchBillRegression get fail
2023-11-24 17:01:40 PM  chrome browser launch
2023-11-24 17:01:40 PM  Execution of Test Scenario fetchBillRegression start
2023-11-24 17:01:57 PM  User click on fetch Bill button 
2023-11-24 17:02:12 PM  This is Test Scenario :fetchBillRegression get fail
2023-11-24 17:04:45 PM  chrome browser launch
2023-11-24 17:04:46 PM  Execution of Test Scenario fetchBillRegression start
2023-11-24 17:05:10 PM  User click on fetch Bill button 
2023-11-24 17:05:25 PM  This is Test Scenario :fetchBillRegression get fail
2023-11-24 17:07:08 PM  chrome browser launch
2023-11-24 17:07:08 PM  Execution of Test Scenario fetchBillRegression start
2023-11-24 17:07:20 PM  User click on fetch Bill button 
2023-11-24 17:07:35 PM  This is Test Scenario :fetchBillRegression get fail
2023-11-24 17:30:46 PM  chrome browser launch
2023-11-24 17:30:46 PM  Execution of Test Scenario fetchBillRegression start
2023-11-24 17:30:57 PM  User click on fetch Bill button 
2023-11-24 17:31:12 PM  This is Test Scenario :fetchBillRegression get fail
2023-11-24 18:00:26 PM  chrome browser launch
2023-11-24 18:00:26 PM  Execution of Test Scenario fetchBillRegression start
2023-11-24 18:00:37 PM  User click on fetch Bill button 
2023-11-24 18:00:53 PM  This is Test Scenario :fetchBillRegression get fail
2023-11-24 18:03:09 PM  chrome browser launch
2023-11-24 18:03:09 PM  Execution of Test Scenario fetchBillRegression start
2023-11-24 18:03:29 PM  User click on fetch Bill button 
2023-11-24 18:03:46 PM  This is Test Scenario :fetchBillRegression get fail
2023-11-24 18:05:20 PM  chrome browser launch
2023-11-24 18:05:21 PM  Execution of Test Scenario fetchBillRegression start
2023-11-24 18:05:51 PM  User click on fetch Bill button 
2023-11-24 18:06:26 PM  This is Test Scenario :fetchBillRegression get fail
2023-11-24 18:07:19 PM  chrome browser launch
2023-11-24 18:07:19 PM  Execution of Test Scenario fetchBillRegression start
2023-11-24 18:07:33 PM  User click on fetch Bill button 
2023-11-24 18:07:42 PM  User click on fetch Bill button 
2023-11-24 18:07:53 PM  User click on fetch Bill button 
2023-11-24 18:07:58 PM  This is Test Scenario :fetchBillRegression get fail
2023-11-24 18:10:00 PM  chrome browser launch
2023-11-24 18:10:00 PM  Execution of Test Scenario fetchBillRegression start
2023-11-24 18:10:10 PM  User click on fetch Bill button 
2023-11-24 18:10:10 PM  This is Test Scenario :fetchBillRegression get fail
2023-11-24 18:11:06 PM  chrome browser launch
2023-11-24 18:11:06 PM  Execution of Test Scenario fetchBillRegression start
2023-11-24 18:11:19 PM  User click on fetch Bill button 
2023-11-24 18:11:21 PM  This is Test Scenario :fetchBillRegression get fail
2023-11-24 18:13:28 PM  chrome browser launch
2023-11-24 18:13:29 PM  Execution of Test Scenario fetchBillRegression start
2023-11-24 18:13:39 PM  User click on fetch Bill button 
2023-11-24 18:13:46 PM  User click on fetch Bill button 
2023-11-24 18:14:05 PM  chrome browser launch
2023-11-24 18:14:05 PM  Execution of Test Scenario fetchBillRegression start
2023-11-24 18:14:15 PM  User click on fetch Bill button 
2023-11-24 18:14:21 PM  User click on fetch Bill button 
2023-11-24 18:14:33 PM  User click on fetch Bill button 
2023-11-24 18:14:41 PM  User click on fetch Bill button 
2023-11-24 18:14:50 PM  User click on fetch Bill button 
2023-11-24 18:14:58 PM  User click on fetch Bill button 
2023-11-24 18:15:03 PM  This is Test Scenario :fetchBillRegression get fail
2023-11-24 18:21:37 PM  chrome browser launch
2023-11-24 18:21:37 PM  Execution of Test Scenario fetchBillRegression start
2023-11-24 18:22:23 PM  This is Test Scenario :fetchBillRegression get fail
2023-11-24 18:22:49 PM  chrome browser launch
2023-11-24 18:22:50 PM  Execution of Test Scenario fetchBillRegression start
2023-11-24 18:23:58 PM  This is Test Scenario :fetchBillRegression get fail
2023-11-24 18:49:09 PM  chrome browser launch
2023-11-24 18:49:09 PM  Execution of Test Scenario fetchBillRegression start
2023-11-24 18:49:18 PM  This is Test Scenario :fetchBillRegression get fail
2023-11-24 18:51:05 PM  chrome browser launch
2023-11-24 18:51:06 PM  Execution of Test Scenario fetchBillRegression start
2023-11-24 18:51:15 PM  This is Test Scenario :fetchBillRegression get fail
2023-11-24 18:54:21 PM  chrome browser launch
2023-11-24 18:54:21 PM  Execution of Test Scenario fetchBillRegression start
2023-11-24 18:54:25 PM  This is Test Scenario :fetchBillRegression get fail
2023-11-24 19:01:16 PM  chrome browser launch
2023-11-24 19:01:17 PM  Execution of Test Scenario fetchBillRegression start
2023-11-24 19:01:26 PM  User click on fetch Bill button 
2023-11-24 19:01:33 PM  User click on fetch Bill button 
2023-11-24 19:01:41 PM  User click on fetch Bill button 
2023-11-24 19:01:48 PM  User click on fetch Bill button 
2023-11-24 19:01:56 PM  User click on fetch Bill button 
2023-11-24 19:02:02 PM  User click on fetch Bill button 
2023-11-24 19:02:14 PM  This is Test Scenario :fetchBillRegression get fail
2023-11-24 19:06:14 PM  chrome browser launch
2023-11-24 19:06:14 PM  Execution of Test Scenario fetchBillRegression start
2023-11-24 19:06:24 PM  User click on fetch Bill button 
2023-11-24 19:06:32 PM  User click on fetch Bill button 
2023-11-24 19:06:43 PM  User click on fetch Bill button 
2023-11-24 19:06:51 PM  User click on fetch Bill button 
2023-11-24 19:07:04 PM  This is Test Scenario :fetchBillRegression get fail
2023-11-24 19:12:10 PM  chrome browser launch
2023-11-24 19:12:10 PM  Execution of Test Scenario fetchBillRegression start
2023-11-24 19:12:20 PM  This is Test Scenario :fetchBillRegression get fail
2023-11-24 19:12:29 PM  chrome browser launch
2023-11-24 19:12:29 PM  Execution of Test Scenario fetchBillRegression start
2023-11-24 19:12:39 PM  User click on fetch Bill button 
2023-11-24 19:12:42 PM  Bill available 
2023-11-24 19:12:50 PM  User click on fetch Bill button 
2023-11-24 19:19:03 PM  chrome browser launch
2023-11-24 19:19:03 PM  Execution of Test Scenario fetchBillRegression start
2023-11-24 19:19:12 PM  User click on fetch Bill button 
2023-11-24 19:19:15 PM  Bill available 
2023-11-24 19:19:23 PM  User click on fetch Bill button 
2023-11-24 19:21:10 PM  chrome browser launch
2023-11-24 19:21:10 PM  Execution of Test Scenario fetchBillRegression start
2023-11-24 19:21:19 PM  User click on fetch Bill button 
2023-11-24 19:24:26 PM  This is Test Scenario :fetchBillRegression get fail
2023-11-24 19:26:22 PM  This is Test Scenario :fetchBillRegression get fail
2023-11-24 19:27:02 PM  chrome browser launch
2023-11-24 19:27:02 PM  Execution of Test Scenario fetchBillRegression start
2023-11-24 19:27:11 PM  User click on fetch Bill button 
2023-11-24 19:27:17 PM  This is Test Scenario :fetchBillRegression get fail
2023-11-24 19:29:08 PM  chrome browser launch
2023-11-24 19:29:08 PM  Execution of Test Scenario fetchBillRegression start
2023-11-24 19:29:17 PM  User click on fetch Bill button 
2023-11-24 19:29:21 PM  This is Test Scenario :fetchBillRegression get fail
2023-11-24 19:29:49 PM  chrome browser launch
2023-11-24 19:29:49 PM  Execution of Test Scenario fetchBillRegression start
2023-11-24 19:29:59 PM  User click on fetch Bill button 
2023-11-24 19:30:02 PM  Bill available 
2023-11-24 19:30:10 PM  This is Test Scenario :fetchBillRegression get fail
2023-11-24 19:30:23 PM  chrome browser launch
2023-11-24 19:30:23 PM  Execution of Test Scenario fetchBillRegression start
2023-11-24 19:30:33 PM  User click on fetch Bill button 
2023-11-24 19:30:36 PM  This is Test Scenario :fetchBillRegression get fail
2023-11-24 19:31:06 PM  Execution of Test Scenario fetchBillRegression start
2023-11-24 19:31:06 PM  This is Test Scenario :fetchBillRegression get Skip
2023-11-24 19:31:17 PM  chrome browser launch
2023-11-24 19:31:17 PM  Execution of Test Scenario fetchBillRegression start
2023-11-24 19:31:27 PM  User click on fetch Bill button 
2023-11-24 19:31:30 PM  Bill available 
2023-11-24 19:31:38 PM  User click on fetch Bill button 
2023-11-24 19:31:41 PM  This is Test Scenario :fetchBillRegression get fail
2023-11-24 19:33:04 PM  chrome browser launch
2023-11-24 19:33:04 PM  Execution of Test Scenario fetchBillRegression start
2023-11-24 19:33:13 PM  User click on fetch Bill button 
2023-11-24 19:33:21 PM  User click on fetch Bill button 
2023-11-24 19:33:24 PM  This is Test Scenario :fetchBillRegression get fail
