2023-09-22 15:33:40 PM  chrome browser launch
2023-09-22 15:33:41 PM  Execution of Test Scenario OpenURL start
2023-09-22 15:33:42 PM   Test Scenario OpenURL execute Successfully 
2023-09-22 15:33:42 PM  Execution of Test Scenario getBillAmounts start
2023-09-22 15:33:46 PM  User click on fetch Bill button 
2023-09-22 15:33:56 PM  User click on fetch Bill button 
2023-09-22 15:34:06 PM  User click on fetch Bill button 
2023-09-22 15:34:16 PM  User click on fetch Bill button 
2023-09-22 15:34:26 PM  User click on fetch Bill button 
2023-09-22 15:34:36 PM  User click on fetch Bill button 
2023-09-22 15:34:47 PM  User click on fetch Bill button 
2023-09-22 15:34:57 PM  User click on fetch Bill button 
2023-09-22 15:35:07 PM  User click on fetch Bill button 
2023-09-22 15:35:16 PM  User click on fetch Bill button 
2023-09-22 15:35:26 PM  User click on fetch Bill button 
2023-09-22 15:35:37 PM  User click on fetch Bill button 
2023-09-22 15:35:46 PM  User click on fetch Bill button 
2023-09-22 15:35:57 PM  User click on fetch Bill button 
2023-09-22 15:36:07 PM  User click on fetch Bill button 
2023-09-22 15:36:16 PM  User click on fetch Bill button 
2023-09-22 15:36:26 PM  User click on fetch Bill button 
2023-09-22 15:36:36 PM  User click on fetch Bill button 
2023-09-22 15:36:45 PM  User click on fetch Bill button 
2023-09-22 15:36:55 PM  User click on fetch Bill button 
2023-09-22 15:37:07 PM  User click on fetch Bill button 
2023-09-22 15:37:18 PM  User click on fetch Bill button 
2023-09-22 15:37:31 PM  User click on fetch Bill button 
2023-09-22 15:37:41 PM  User click on fetch Bill button 
2023-09-22 15:37:53 PM  User click on fetch Bill button 
2023-09-22 15:38:05 PM  User click on fetch Bill button 
2023-09-22 15:38:14 PM  User click on fetch Bill button 
2023-09-22 15:38:24 PM  User click on fetch Bill button 
2023-09-22 15:38:35 PM  User click on fetch Bill button 
2023-09-22 15:38:44 PM  User click on fetch Bill button 
2023-09-22 15:38:54 PM  User click on fetch Bill button 
2023-09-22 15:39:04 PM  User click on fetch Bill button 
2023-09-22 15:39:14 PM  User click on fetch Bill button 
2023-09-22 15:39:25 PM  User click on fetch Bill button 
2023-09-22 15:39:34 PM  User click on fetch Bill button 
2023-09-22 15:39:44 PM  User click on fetch Bill button 
2023-09-22 15:39:53 PM  User click on fetch Bill button 
2023-09-22 15:40:04 PM  User click on fetch Bill button 
2023-09-22 15:40:14 PM  User click on fetch Bill button 
2023-09-22 15:40:23 PM  User click on fetch Bill button 
2023-09-22 15:40:33 PM  User click on fetch Bill button 
2023-09-22 15:40:43 PM  User click on fetch Bill button 
2023-09-22 15:40:52 PM  User click on fetch Bill button 
2023-09-22 15:41:03 PM  User click on fetch Bill button 
2023-09-22 15:41:12 PM  User click on fetch Bill button 
2023-09-22 15:41:23 PM  User click on fetch Bill button 
2023-09-22 15:41:33 PM  User click on fetch Bill button 
2023-09-22 15:41:42 PM  User click on fetch Bill button 
2023-09-22 15:41:52 PM  User click on fetch Bill button 
2023-09-22 15:42:01 PM  User click on fetch Bill button 
2023-09-22 15:42:11 PM  User click on fetch Bill button 
2023-09-22 15:42:22 PM  User click on fetch Bill button 
2023-09-22 15:42:31 PM  User click on fetch Bill button 
2023-09-22 15:42:41 PM  User click on fetch Bill button 
2023-09-22 15:42:50 PM  User click on fetch Bill button 
2023-09-22 15:43:00 PM  User click on fetch Bill button 
2023-09-22 15:43:10 PM  User click on fetch Bill button 
2023-09-22 15:43:19 PM  User click on fetch Bill button 
2023-09-22 15:43:29 PM  User click on fetch Bill button 
2023-09-22 15:43:38 PM  User click on fetch Bill button 
2023-09-22 15:43:48 PM  User click on fetch Bill button 
2023-09-22 15:43:57 PM  User click on fetch Bill button 
2023-09-22 15:44:07 PM  User click on fetch Bill button 
2023-09-22 15:44:16 PM  User click on fetch Bill button 
2023-09-22 15:44:26 PM  User click on fetch Bill button 
2023-09-22 15:44:33 PM  This is Test Scenario :getBillAmounts get fail
