2023-11-29 12:06:47 PM  chrome browser launch
2023-11-29 12:06:47 PM  Execution of Test Scenario fetchBillRegression start
2023-11-29 12:07:25 PM  chrome browser launch
2023-11-29 12:07:25 PM  Execution of Test Scenario fetchBillRegression start
2023-11-29 12:07:38 PM  User click on fetch Bill button 
2023-11-29 12:07:38 PM  This is Test Scenario :fetchBillRegression get fail
2023-11-29 12:12:42 PM  chrome browser launch
2023-11-29 12:12:42 PM  Execution of Test Scenario fetchBillRegression start
2023-11-29 12:12:53 PM  User click on fetch Bill button 
2023-11-29 12:12:53 PM  This is Test Scenario :fetchBillRegression get fail
2023-11-29 12:21:52 PM  chrome browser launch
2023-11-29 12:21:52 PM  Execution of Test Scenario fetchBillRegression start
2023-11-29 12:22:02 PM  User click on fetch Bill button 
2023-11-29 12:22:02 PM  This is Test Scenario :fetchBillRegression get fail
2023-11-29 12:22:56 PM  chrome browser launch
2023-11-29 12:22:56 PM  Execution of Test Scenario fetchBillRegression start
2023-11-29 12:23:06 PM  User click on fetch Bill button 
2023-11-29 12:23:06 PM  This is Test Scenario :fetchBillRegression get fail
2023-11-29 12:27:18 PM  chrome browser launch
2023-11-29 12:27:19 PM  Execution of Test Scenario fetchBillRegression start
2023-11-29 12:27:29 PM  User click on fetch Bill button 
2023-11-29 12:27:31 PM  This is Test Scenario :fetchBillRegression get fail
2023-11-29 12:35:08 PM  chrome browser launch
2023-11-29 12:35:08 PM  Execution of Test Scenario fetchBillRegression start
2023-11-29 12:35:18 PM  User click on fetch Bill button 
2023-11-29 12:35:23 PM  This is Test Scenario :fetchBillRegression get fail
2023-11-29 12:51:20 PM  chrome browser launch
2023-11-29 12:51:20 PM  Execution of Test Scenario fetchBillRegression start
2023-11-29 12:51:31 PM  User click on fetch Bill button 
2023-11-29 12:51:36 PM  This is Test Scenario :fetchBillRegression get fail
2023-11-29 12:58:07 PM  chrome browser launch
2023-11-29 12:58:08 PM  Execution of Test Scenario fetchBillRegression start
2023-11-29 12:58:20 PM  User click on fetch Bill button 
2023-11-29 12:58:30 PM  Bill available 
2023-11-29 12:58:33 PM   Test Scenario fetchBillRegression execute Successfully 
2023-11-29 12:59:16 PM  chrome browser launch
2023-11-29 12:59:16 PM  Execution of Test Scenario fetchBillRegression start
2023-11-29 12:59:26 PM  User click on fetch Bill button 
2023-11-29 12:59:36 PM  Bill available 
2023-11-29 12:59:38 PM   Test Scenario fetchBillRegression execute Successfully 
2023-11-29 13:00:38 PM  chrome browser launch
2023-11-29 13:00:38 PM  Execution of Test Scenario fetchBillRegression start
2023-11-29 13:00:48 PM  User click on fetch Bill button 
2023-11-29 13:00:59 PM  Bill available 
2023-11-29 13:01:02 PM   Test Scenario fetchBillRegression execute Successfully 
2023-11-29 13:05:35 PM  chrome browser launch
2023-11-29 13:05:35 PM  Execution of Test Scenario fetchBillRegression start
2023-11-29 13:05:45 PM  User click on fetch Bill button 
2023-11-29 13:05:56 PM  Bill available 
2023-11-29 13:05:58 PM   Test Scenario fetchBillRegression execute Successfully 
2023-11-29 13:06:54 PM  chrome browser launch
2023-11-29 13:06:55 PM  Execution of Test Scenario fetchBillRegression start
2023-11-29 13:07:06 PM  User click on fetch Bill button 
2023-11-29 13:07:16 PM  Bill available 
2023-11-29 13:07:18 PM   Test Scenario fetchBillRegression execute Successfully 
2023-11-29 14:14:27 PM  chrome browser launch
2023-11-29 14:14:27 PM  Execution of Test Scenario fetchBillRegression start
2023-11-29 14:14:42 PM  This is Test Scenario :fetchBillRegression get fail
2023-11-29 14:15:02 PM  chrome browser launch
2023-11-29 14:15:02 PM  Execution of Test Scenario fetchBillRegression start
2023-11-29 14:15:16 PM  This is Test Scenario :fetchBillRegression get fail
2023-11-29 14:16:05 PM  chrome browser launch
2023-11-29 14:16:05 PM  Execution of Test Scenario fetchBillRegression start
2023-11-29 14:16:18 PM  User click on fetch Bill button 
2023-11-29 14:16:32 PM  Bill available 
2023-11-29 14:16:35 PM   Test Scenario fetchBillRegression execute Successfully 
2023-11-29 14:24:47 PM  chrome browser launch
2023-11-29 14:24:47 PM  Execution of Test Scenario fetchBillRegression start
2023-11-29 14:24:56 PM  User click on fetch Bill button 
2023-11-29 14:25:06 PM  Bill available 
2023-11-29 14:25:11 PM   Test Scenario fetchBillRegression execute Successfully 
2023-11-29 14:27:51 PM  chrome browser launch
2023-11-29 14:27:52 PM  Execution of Test Scenario fetchBillRegression start
2023-11-29 14:28:04 PM  User click on fetch Bill button 
2023-11-29 14:28:15 PM  Bill available 
2023-11-29 14:28:18 PM   Test Scenario fetchBillRegression execute Successfully 
2023-11-29 14:32:03 PM  chrome browser launch
2023-11-29 14:32:04 PM  Execution of Test Scenario fetchBillRegression start
2023-11-29 14:32:14 PM  User click on fetch Bill button 
2023-11-29 14:32:24 PM  Bill available 
2023-11-29 14:32:27 PM   Test Scenario fetchBillRegression execute Successfully 
2023-11-29 14:34:22 PM  chrome browser launch
2023-11-29 14:34:23 PM  Execution of Test Scenario fetchBillRegression start
2023-11-29 14:34:36 PM  User click on fetch Bill button 
2023-11-29 14:34:46 PM  Bill available 
2023-11-29 14:34:51 PM   Test Scenario fetchBillRegression execute Successfully 
2023-11-29 14:36:43 PM  chrome browser launch
2023-11-29 14:36:43 PM  Execution of Test Scenario fetchBillRegression start
2023-11-29 14:36:59 PM  User click on fetch Bill button 
2023-11-29 14:37:10 PM  Bill available 
2023-11-29 14:37:18 PM   Test Scenario fetchBillRegression execute Successfully 
2023-11-29 14:39:01 PM  chrome browser launch
2023-11-29 14:39:01 PM  Execution of Test Scenario fetchBillRegression start
2023-11-29 14:39:12 PM  User click on fetch Bill button 
2023-11-29 14:39:22 PM  Bill available 
2023-11-29 14:39:27 PM   Test Scenario fetchBillRegression execute Successfully 
2023-11-29 14:42:36 PM  chrome browser launch
2023-11-29 14:42:36 PM  Execution of Test Scenario fetchBillRegression start
2023-11-29 14:42:46 PM  User click on fetch Bill button 
2023-11-29 14:42:56 PM  Bill available 
2023-11-29 14:42:59 PM   Test Scenario fetchBillRegression execute Successfully 
2023-11-29 14:48:12 PM  chrome browser launch
2023-11-29 14:48:12 PM  Execution of Test Scenario fetchBillRegression start
2023-11-29 14:48:23 PM  User click on fetch Bill button 
2023-11-29 14:48:29 PM  This is Test Scenario :fetchBillRegression get fail
2023-11-29 14:49:08 PM  chrome browser launch
2023-11-29 14:49:08 PM  Execution of Test Scenario fetchBillRegression start
2023-11-29 14:49:20 PM  User click on fetch Bill button 
2023-11-29 14:49:25 PM  This is Test Scenario :fetchBillRegression get fail
2023-11-29 14:50:13 PM  chrome browser launch
2023-11-29 14:50:13 PM  Execution of Test Scenario fetchBillRegression start
2023-11-29 14:50:23 PM  User click on fetch Bill button 
2023-11-29 14:50:33 PM  Bill available 
2023-11-29 14:50:38 PM   Test Scenario fetchBillRegression execute Successfully 
2023-11-29 14:53:46 PM  chrome browser launch
2023-11-29 14:53:47 PM  Execution of Test Scenario fetchBillRegression start
2023-11-29 14:53:57 PM  User click on fetch Bill button 
2023-11-29 14:54:07 PM  Bill available 
2023-11-29 14:54:10 PM   Test Scenario fetchBillRegression execute Successfully 
2023-11-29 14:56:30 PM  chrome browser launch
2023-11-29 14:56:30 PM  Execution of Test Scenario fetchBillRegression start
2023-11-29 14:56:40 PM  User click on fetch Bill button 
2023-11-29 14:56:49 PM  Bill available 
2023-11-29 14:56:52 PM   Test Scenario fetchBillRegression execute Successfully 
2023-11-29 14:58:17 PM  chrome browser launch
2023-11-29 14:58:18 PM  Execution of Test Scenario fetchBillRegression start
2023-11-29 14:58:28 PM  User click on fetch Bill button 
2023-11-29 14:58:38 PM  Bill available 
2023-11-29 14:58:44 PM   Test Scenario fetchBillRegression execute Successfully 
2023-11-29 15:08:00 PM  chrome browser launch
2023-11-29 15:08:00 PM  Execution of Test Scenario fetchBillRegression start
2023-11-29 15:08:12 PM  User click on fetch Bill button 
2023-11-29 15:08:23 PM  Bill available 
2023-11-29 15:08:25 PM   Test Scenario fetchBillRegression execute Successfully 
2023-11-29 15:19:34 PM  chrome browser launch
2023-11-29 15:19:34 PM  Execution of Test Scenario fetchBillRegression start
2023-11-29 15:19:45 PM  User click on fetch Bill button 
2023-11-29 15:19:56 PM  Bill available 
2023-11-29 15:20:01 PM   Test Scenario fetchBillRegression execute Successfully 
2023-11-29 15:30:31 PM  chrome browser launch
2023-11-29 15:30:32 PM  Execution of Test Scenario fetchBillRegression start
2023-11-29 15:31:06 PM  chrome browser launch
2023-11-29 15:31:06 PM  Execution of Test Scenario fetchBillRegression start
2023-11-29 15:31:16 PM  User click on fetch Bill button 
2023-11-29 15:31:22 PM  This is Test Scenario :fetchBillRegression get fail
2023-11-29 15:33:23 PM  chrome browser launch
2023-11-29 15:33:23 PM  Execution of Test Scenario fetchBillRegression start
2023-11-29 15:33:33 PM  User click on fetch Bill button 
2023-11-29 15:33:44 PM  Bill available 
2023-11-29 15:33:48 PM   Test Scenario fetchBillRegression execute Successfully 
2023-11-29 15:36:27 PM  chrome browser launch
2023-11-29 15:36:27 PM  Execution of Test Scenario fetchBillRegression start
2023-11-29 15:36:38 PM  User click on fetch Bill button 
2023-11-29 15:36:44 PM  This is Test Scenario :fetchBillRegression get fail
2023-11-29 15:37:06 PM  chrome browser launch
2023-11-29 15:37:06 PM  Execution of Test Scenario fetchBillRegression start
2023-11-29 15:37:16 PM  User click on fetch Bill button 
2023-11-29 15:37:22 PM  This is Test Scenario :fetchBillRegression get fail
2023-11-29 15:37:53 PM  chrome browser launch
2023-11-29 15:37:53 PM  Execution of Test Scenario fetchBillRegression start
2023-11-29 15:38:03 PM  User click on fetch Bill button 
2023-11-29 15:38:16 PM  Bill available 
2023-11-29 15:38:23 PM   Test Scenario fetchBillRegression execute Successfully 
2023-11-29 15:48:14 PM  chrome browser launch
2023-11-29 15:48:15 PM  Execution of Test Scenario fetchBillRegression start
2023-11-29 15:48:27 PM  User click on fetch Bill button 
2023-11-29 15:48:39 PM  This is Test Scenario :fetchBillRegression get fail
2023-11-29 15:52:47 PM  chrome browser launch
2023-11-29 15:52:47 PM  Execution of Test Scenario fetchBillRegression start
2023-11-29 15:52:57 PM  User click on fetch Bill button 
2023-11-29 15:53:03 PM  This is Test Scenario :fetchBillRegression get fail
2023-11-29 16:03:44 PM  chrome browser launch
2023-11-29 16:03:44 PM  Execution of Test Scenario fetchBillRegression start
2023-11-29 16:03:54 PM  User click on fetch Bill button 
2023-11-29 16:04:04 PM  Bill available 
2023-11-29 16:04:06 PM   Test Scenario fetchBillRegression execute Successfully 
2023-11-29 16:07:45 PM  chrome browser launch
2023-11-29 16:07:46 PM  Execution of Test Scenario fetchBillRegression start
2023-11-29 16:08:19 PM  chrome browser launch
2023-11-29 16:08:19 PM  Execution of Test Scenario fetchBillRegression start
2023-11-29 16:08:29 PM  User click on fetch Bill button 
2023-11-29 16:08:39 PM  Bill available 
2023-11-29 16:08:41 PM   Test Scenario fetchBillRegression execute Successfully 
2023-11-29 16:11:01 PM  chrome browser launch
2023-11-29 16:11:02 PM  Execution of Test Scenario fetchBillRegression start
2023-11-29 16:11:12 PM  User click on fetch Bill button 
2023-11-29 16:11:22 PM  Bill available 
2023-11-29 16:11:24 PM   Test Scenario fetchBillRegression execute Successfully 
2023-11-29 16:14:32 PM  chrome browser launch
2023-11-29 16:14:32 PM  Execution of Test Scenario fetchBillRegression start
2023-11-29 16:14:42 PM  User click on fetch Bill button 
2023-11-29 16:14:54 PM  Bill available 
2023-11-29 16:14:56 PM   Test Scenario fetchBillRegression execute Successfully 
2023-11-29 16:36:27 PM  chrome browser launch
2023-11-29 16:36:27 PM  Execution of Test Scenario fetchBillRegression start
2023-11-29 16:36:37 PM  This is Test Scenario :fetchBillRegression get fail
2023-11-29 16:37:12 PM  chrome browser launch
2023-11-29 16:37:12 PM  Execution of Test Scenario fetchBillRegression start
2023-11-29 16:37:24 PM  User click on fetch Bill button 
2023-11-29 16:37:35 PM  Bill available 
2023-11-29 16:37:37 PM   Test Scenario fetchBillRegression execute Successfully 
2023-11-29 16:43:27 PM  chrome browser launch
2023-11-29 16:43:27 PM  Execution of Test Scenario fetchBillRegression start
2023-11-29 16:43:38 PM  User click on fetch Bill button 
2023-11-29 16:43:50 PM  Bill available 
2023-11-29 16:44:03 PM   Test Scenario fetchBillRegression execute Successfully 
2023-11-29 16:48:59 PM  chrome browser launch
2023-11-29 16:48:59 PM  Execution of Test Scenario fetchBillRegression start
2023-11-29 16:49:10 PM  User click on fetch Bill button 
2023-11-29 16:49:17 PM  This is Test Scenario :fetchBillRegression get fail
2023-11-29 16:53:14 PM  chrome browser launch
2023-11-29 16:53:14 PM  Execution of Test Scenario fetchBillRegression start
2023-11-29 16:53:25 PM  User click on fetch Bill button 
2023-11-29 16:53:35 PM  Bill available 
2023-11-29 16:53:38 PM   Test Scenario fetchBillRegression execute Successfully 
2023-11-29 17:00:15 PM  chrome browser launch
2023-11-29 17:00:17 PM  Execution of Test Scenario fetchBillRegression start
2023-11-29 17:00:30 PM  User click on fetch Bill button 
2023-11-29 17:00:40 PM  Bill available 
2023-11-29 17:00:43 PM   Test Scenario fetchBillRegression execute Successfully 
2023-11-29 17:01:49 PM  chrome browser launch
2023-11-29 17:01:49 PM  Execution of Test Scenario fetchBillRegression start
2023-11-29 17:01:59 PM  User click on fetch Bill button 
2023-11-29 17:02:09 PM  Bill available 
2023-11-29 17:02:12 PM   Test Scenario fetchBillRegression execute Successfully 
2023-11-29 17:07:18 PM  chrome browser launch
2023-11-29 17:07:21 PM  Execution of Test Scenario fetchBillRegression start
2023-11-29 17:07:32 PM  User click on fetch Bill button 
2023-11-29 17:07:43 PM  Bill available 
2023-11-29 17:07:45 PM   Test Scenario fetchBillRegression execute Successfully 
2023-11-29 17:14:31 PM  chrome browser launch
2023-11-29 17:14:32 PM  Execution of Test Scenario fetchBillRegression start
2023-11-29 17:14:45 PM  User click on fetch Bill button 
2023-11-29 17:14:58 PM  Bill available 
2023-11-29 17:15:02 PM   Test Scenario fetchBillRegression execute Successfully 
2023-11-29 17:21:39 PM  chrome browser launch
2023-11-29 17:21:39 PM  Execution of Test Scenario fetchBillRegression start
2023-11-29 17:21:49 PM  User click on fetch Bill button 
2023-11-29 17:22:00 PM  Bill available 
2023-11-29 17:22:08 PM  User click on fetch Bill button 
2023-11-29 17:22:19 PM  Bill available 
2023-11-29 17:22:27 PM  User click on fetch Bill button 
2023-11-29 17:22:37 PM  Bill available 
2023-11-29 17:22:45 PM  User click on fetch Bill button 
2023-11-29 17:22:56 PM  Bill available 
2023-11-29 17:23:05 PM  User click on fetch Bill button 
2023-11-29 17:23:15 PM  Bill available 
2023-11-29 17:23:23 PM  User click on fetch Bill button 
2023-11-29 17:23:33 PM  Bill available 
2023-11-29 17:23:38 PM   Test Scenario fetchBillRegression execute Successfully 
2023-11-29 17:25:56 PM  chrome browser launch
2023-11-29 17:25:57 PM  Execution of Test Scenario fetchBillRegression start
2023-11-29 17:26:06 PM  User click on fetch Bill button 
2023-11-29 17:26:14 PM  This is Test Scenario :fetchBillRegression get fail
2023-11-29 17:27:02 PM  chrome browser launch
2023-11-29 17:27:03 PM  Execution of Test Scenario fetchBillRegression start
2023-11-29 17:27:14 PM  User click on fetch Bill button 
2023-11-29 17:27:21 PM  This is Test Scenario :fetchBillRegression get fail
2023-11-29 17:30:14 PM  chrome browser launch
2023-11-29 17:30:14 PM  Execution of Test Scenario fetchBillRegression start
2023-11-29 17:30:26 PM  User click on fetch Bill button 
2023-11-29 17:30:36 PM  Bill available 
2023-11-29 17:30:44 PM  User click on fetch Bill button 
2023-11-29 17:30:54 PM  Bill available 
2023-11-29 17:30:56 PM   Test Scenario fetchBillRegression execute Successfully 
2023-11-29 17:34:33 PM  chrome browser launch
2023-11-29 17:34:33 PM  Execution of Test Scenario fetchBillRegression start
2023-11-29 17:34:44 PM  User click on fetch Bill button 
2023-11-29 17:34:54 PM  Bill available 
2023-11-29 17:35:03 PM  User click on fetch Bill button 
2023-11-29 17:35:13 PM  Bill available 
2023-11-29 17:35:15 PM   Test Scenario fetchBillRegression execute Successfully 
2023-11-29 17:39:59 PM  chrome browser launch
2023-11-29 17:39:59 PM  Execution of Test Scenario fetchBillRegression start
2023-11-29 17:40:10 PM  User click on fetch Bill button 
2023-11-29 17:44:25 PM  chrome browser launch
2023-11-29 17:44:26 PM  Execution of Test Scenario fetchBillRegression start
2023-11-29 17:44:36 PM  User click on fetch Bill button 
2023-11-29 17:44:46 PM  Bill available 
2023-11-29 17:44:54 PM  User click on fetch Bill button 
2023-11-29 17:45:04 PM  Bill available 
2023-11-29 17:45:12 PM  User click on fetch Bill button 
2023-11-29 17:46:07 PM  chrome browser launch
2023-11-29 17:46:07 PM  Execution of Test Scenario fetchBillRegression start
2023-11-29 17:46:17 PM  User click on fetch Bill button 
2023-11-29 17:46:27 PM  Bill available 
2023-11-29 17:46:36 PM  User click on fetch Bill button 
2023-11-29 17:46:46 PM  Bill available 
2023-11-29 17:46:54 PM  User click on fetch Bill button 
2023-11-29 17:47:04 PM  Bill available 
2023-11-29 17:47:12 PM  User click on fetch Bill button 
2023-11-29 17:47:22 PM  Bill available 
2023-11-29 17:47:30 PM  User click on fetch Bill button 
2023-11-29 17:47:40 PM  Bill available 
2023-11-29 17:47:48 PM  User click on fetch Bill button 
2023-11-29 17:47:59 PM  Bill available 
2023-11-29 17:48:07 PM  User click on fetch Bill button 
2023-11-29 17:48:17 PM  Bill available 
2023-11-29 17:48:25 PM  User click on fetch Bill button 
2023-11-29 17:48:35 PM  Bill available 
2023-11-29 17:48:42 PM  User click on fetch Bill button 
2023-11-29 17:48:53 PM  Bill available 
2023-11-29 17:49:01 PM  User click on fetch Bill button 
2023-11-29 17:49:11 PM  Bill available 
2023-11-29 17:49:19 PM  User click on fetch Bill button 
2023-11-29 17:49:29 PM  Bill available 
2023-11-29 17:49:37 PM  User click on fetch Bill button 
2023-11-29 17:49:47 PM  Bill available 
2023-11-29 17:49:55 PM  User click on fetch Bill button 
2023-11-29 17:50:05 PM  Bill available 
2023-11-29 17:50:13 PM  User click on fetch Bill button 
2023-11-29 17:50:23 PM  Bill available 
2023-11-29 17:50:31 PM  User click on fetch Bill button 
2023-11-29 17:50:41 PM  Bill available 
2023-11-29 17:50:50 PM  User click on fetch Bill button 
2023-11-29 17:51:00 PM  Bill available 
2023-11-29 17:51:08 PM  User click on fetch Bill button 
2023-11-29 17:51:18 PM  Bill available 
2023-11-29 17:51:27 PM  User click on fetch Bill button 
2023-11-29 17:51:37 PM  Bill available 
2023-11-29 17:51:45 PM  User click on fetch Bill button 
2023-11-29 17:51:55 PM  Bill available 
2023-11-29 17:52:03 PM  User click on fetch Bill button 
2023-11-29 17:52:13 PM  Bill available 
2023-11-29 17:52:22 PM  User click on fetch Bill button 
2023-11-29 17:52:32 PM  Bill available 
2023-11-29 17:52:40 PM  User click on fetch Bill button 
2023-11-29 17:52:50 PM  Bill available 
2023-11-29 17:52:58 PM  User click on fetch Bill button 
2023-11-29 17:53:09 PM  Bill available 
2023-11-29 17:53:17 PM  User click on fetch Bill button 
2023-11-29 17:53:27 PM  Bill available 
2023-11-29 17:53:34 PM  User click on fetch Bill button 
2023-11-29 17:53:45 PM  Bill available 
2023-11-29 17:53:52 PM  User click on fetch Bill button 
2023-11-29 17:54:03 PM  Bill available 
2023-11-29 17:54:12 PM  User click on fetch Bill button 
2023-11-29 17:54:22 PM  Bill available 
2023-11-29 17:54:30 PM  User click on fetch Bill button 
2023-11-29 17:54:40 PM  Bill available 
2023-11-29 17:54:48 PM  User click on fetch Bill button 
2023-11-29 17:54:58 PM  Bill available 
2023-11-29 17:55:06 PM  User click on fetch Bill button 
2023-11-29 17:55:16 PM  Bill available 
2023-11-29 17:55:24 PM  User click on fetch Bill button 
2023-11-29 17:55:34 PM  Bill available 
2023-11-29 17:55:42 PM  User click on fetch Bill button 
2023-11-29 17:55:52 PM  Bill available 
2023-11-29 17:56:00 PM  User click on fetch Bill button 
2023-11-29 17:56:10 PM  Bill available 
2023-11-29 17:56:18 PM  User click on fetch Bill button 
2023-11-29 17:56:28 PM  Bill available 
2023-11-29 17:56:36 PM  User click on fetch Bill button 
2023-11-29 17:56:47 PM  Bill available 
2023-11-29 17:56:55 PM  User click on fetch Bill button 
2023-11-29 17:57:05 PM  Bill available 
2023-11-29 17:57:13 PM  User click on fetch Bill button 
2023-11-29 17:57:23 PM  Bill available 
2023-11-29 17:57:32 PM  User click on fetch Bill button 
2023-11-29 17:57:42 PM  Bill available 
2023-11-29 17:57:50 PM  User click on fetch Bill button 
2023-11-29 17:58:01 PM  Bill available 
2023-11-29 17:58:08 PM  User click on fetch Bill button 
2023-11-29 17:58:19 PM  Bill available 
2023-11-29 17:58:26 PM  User click on fetch Bill button 
2023-11-29 17:58:37 PM  Bill available 
2023-11-29 17:58:45 PM  User click on fetch Bill button 
2023-11-29 17:58:55 PM  Bill available 
2023-11-29 17:59:03 PM  User click on fetch Bill button 
2023-11-29 17:59:13 PM  Bill available 
2023-11-29 17:59:21 PM  User click on fetch Bill button 
2023-11-29 17:59:31 PM  Bill available 
2023-11-29 17:59:39 PM  User click on fetch Bill button 
2023-11-29 17:59:49 PM  Bill available 
2023-11-29 17:59:57 PM  User click on fetch Bill button 
2023-11-29 18:00:07 PM  Bill available 
2023-11-29 18:00:15 PM  User click on fetch Bill button 
2023-11-29 18:00:25 PM  Bill available 
2023-11-29 18:00:33 PM  User click on fetch Bill button 
2023-11-29 18:00:43 PM  Bill available 
2023-11-29 18:00:51 PM  User click on fetch Bill button 
2023-11-29 18:01:01 PM  Bill available 
2023-11-29 18:01:09 PM  User click on fetch Bill button 
2023-11-29 18:01:19 PM  Bill available 
2023-11-29 18:01:27 PM  User click on fetch Bill button 
2023-11-29 18:01:37 PM  Bill available 
2023-11-29 18:01:45 PM  User click on fetch Bill button 
2023-11-29 18:01:56 PM  Bill available 
2023-11-29 18:02:04 PM  User click on fetch Bill button 
2023-11-29 18:02:14 PM  Bill available 
2023-11-29 18:02:22 PM  User click on fetch Bill button 
2023-11-29 18:02:32 PM  Bill available 
2023-11-29 18:02:40 PM  User click on fetch Bill button 
2023-11-29 18:02:50 PM  Bill available 
2023-11-29 18:02:58 PM  User click on fetch Bill button 
2023-11-29 18:03:09 PM  Bill available 
2023-11-29 18:03:17 PM  User click on fetch Bill button 
2023-11-29 18:03:27 PM  Bill available 
2023-11-29 18:03:35 PM  User click on fetch Bill button 
2023-11-29 18:03:45 PM  Bill available 
2023-11-29 18:03:53 PM  User click on fetch Bill button 
2023-11-29 18:04:03 PM  Bill available 
2023-11-29 18:04:11 PM  User click on fetch Bill button 
2023-11-29 18:04:21 PM  Bill available 
2023-11-29 18:04:30 PM  User click on fetch Bill button 
2023-11-29 18:04:41 PM  Bill available 
2023-11-29 18:04:51 PM  User click on fetch Bill button 
2023-11-29 18:05:01 PM  Bill available 
2023-11-29 18:05:09 PM  User click on fetch Bill button 
2023-11-29 18:05:19 PM  Bill available 
2023-11-29 18:05:27 PM  User click on fetch Bill button 
2023-11-29 18:05:38 PM  Bill available 
2023-11-29 18:05:46 PM  User click on fetch Bill button 
2023-11-29 18:05:56 PM  Bill available 
2023-11-29 18:06:04 PM  User click on fetch Bill button 
2023-11-29 18:06:14 PM  Bill available 
2023-11-29 18:06:22 PM  User click on fetch Bill button 
2023-11-29 18:06:32 PM  Bill available 
2023-11-29 18:06:40 PM  User click on fetch Bill button 
2023-11-29 18:06:50 PM  Bill available 
2023-11-29 18:06:59 PM  User click on fetch Bill button 
2023-11-29 18:07:09 PM  Bill available 
2023-11-29 18:07:17 PM  User click on fetch Bill button 
2023-11-29 18:07:27 PM  Bill available 
2023-11-29 18:07:34 PM  User click on fetch Bill button 
2023-11-29 18:07:45 PM  Bill available 
2023-11-29 18:07:52 PM  User click on fetch Bill button 
2023-11-29 18:08:02 PM  Bill available 
2023-11-29 18:08:10 PM  User click on fetch Bill button 
2023-11-29 18:08:20 PM  Bill available 
2023-11-29 18:08:28 PM  User click on fetch Bill button 
2023-11-29 18:08:38 PM  Bill available 
2023-11-29 18:08:47 PM  User click on fetch Bill button 
2023-11-29 18:08:57 PM  Bill available 
2023-11-29 18:09:05 PM  User click on fetch Bill button 
2023-11-29 18:09:16 PM  Bill available 
2023-11-29 18:09:24 PM  User click on fetch Bill button 
2023-11-29 18:09:35 PM  Bill available 
2023-11-29 18:09:42 PM  User click on fetch Bill button 
2023-11-29 18:09:52 PM  Bill available 
2023-11-29 18:10:04 PM  This is Test Scenario :fetchBillRegression get fail
2023-11-29 18:22:38 PM  chrome browser launch
2023-11-29 18:22:38 PM  Execution of Test Scenario fetchBillRegression start
2023-11-29 18:22:48 PM  User click on fetch Bill button 
2023-11-29 18:22:58 PM  Bill available 
2023-11-29 18:23:00 PM   Test Scenario fetchBillRegression execute Successfully 
2023-11-29 18:24:34 PM  chrome browser launch
2023-11-29 18:24:34 PM  Execution of Test Scenario fetchBillRegression start
2023-11-29 18:24:44 PM  User click on fetch Bill button 
2023-11-29 18:24:54 PM  Bill available 
2023-11-29 18:24:56 PM   Test Scenario fetchBillRegression execute Successfully 
2023-11-29 19:14:45 PM  chrome browser launch
2023-11-29 19:14:45 PM  Execution of Test Scenario fetchBillRegression start
2023-11-29 19:14:54 PM  User click on fetch Bill button 
2023-11-29 19:15:01 PM  This is Test Scenario :fetchBillRegression get fail
2023-11-29 19:16:31 PM  chrome browser launch
2023-11-29 19:16:31 PM  Execution of Test Scenario fetchBillRegression start
2023-11-29 19:16:41 PM  User click on fetch Bill button 
2023-11-29 19:16:51 PM  This is Test Scenario :fetchBillRegression get fail
2023-11-29 19:21:27 PM  chrome browser launch
2023-11-29 19:21:28 PM  Execution of Test Scenario fetchBillRegression start
2023-11-29 19:21:39 PM  User click on fetch Bill button 
2023-11-29 19:21:50 PM  Bill available 
2023-11-29 19:21:52 PM   Test Scenario fetchBillRegression execute Successfully 
2023-11-29 19:22:34 PM  chrome browser launch
2023-11-29 19:22:34 PM  Execution of Test Scenario fetchBillRegression start
2023-11-29 19:22:44 PM  User click on fetch Bill button 
2023-11-29 19:22:54 PM  Bill available 
2023-11-29 19:23:03 PM   Test Scenario fetchBillRegression execute Successfully 
2023-11-29 22:03:21 PM  chrome browser launch
2023-11-29 22:03:22 PM  Execution of Test Scenario fetchBillRegression start
2023-11-29 22:03:41 PM  This is Test Scenario :fetchBillRegression get fail
2023-11-29 22:03:59 PM  chrome browser launch
2023-11-29 22:03:59 PM  Execution of Test Scenario fetchBillRegression start
2023-11-29 22:04:12 PM  User click on fetch Bill button 
2023-11-29 22:04:22 PM  Bill available 
2023-11-29 22:04:30 PM   Test Scenario fetchBillRegression execute Successfully 
2023-11-29 22:05:52 PM  chrome browser launch
2023-11-29 22:05:53 PM  Execution of Test Scenario fetchBillRegression start
2023-11-29 22:06:08 PM  User click on fetch Bill button 
2023-11-29 22:06:18 PM  Bill available 
2023-11-29 22:06:23 PM   Test Scenario fetchBillRegression execute Successfully 
2023-11-29 22:10:47 PM  chrome browser launch
2023-11-29 22:10:47 PM  Execution of Test Scenario fetchBillRegression start
2023-11-29 22:11:03 PM  User click on fetch Bill button 
2023-11-29 22:11:13 PM  Bill available 
2023-11-29 22:11:17 PM   Test Scenario fetchBillRegression execute Successfully 
2023-11-29 22:13:49 PM  chrome browser launch
2023-11-29 22:13:50 PM  Execution of Test Scenario fetchBillRegression start
2023-11-29 22:14:19 PM  User click on fetch Bill button 
2023-11-29 22:14:29 PM  Bill available 
2023-11-29 22:14:34 PM   Test Scenario fetchBillRegression execute Successfully 
2023-11-29 22:17:09 PM  chrome browser launch
2023-11-29 22:17:09 PM  Execution of Test Scenario fetchBillRegression start
2023-11-29 22:17:23 PM  User click on fetch Bill button 
2023-11-29 22:17:34 PM  Bill available 
2023-11-29 22:17:40 PM   Test Scenario fetchBillRegression execute Successfully 
2023-11-29 22:19:14 PM  chrome browser launch
2023-11-29 22:19:14 PM  Execution of Test Scenario fetchBillRegression start
2023-11-29 22:19:27 PM  User click on fetch Bill button 
2023-11-29 22:19:38 PM  Bill available 
2023-11-29 22:19:42 PM   Test Scenario fetchBillRegression execute Successfully 
2023-11-29 22:22:51 PM  chrome browser launch
2023-11-29 22:22:51 PM  Execution of Test Scenario fetchBillRegression start
2023-11-29 22:24:20 PM  This is Test Scenario :fetchBillRegression get fail
2023-11-29 22:24:35 PM  chrome browser launch
2023-11-29 22:24:35 PM  Execution of Test Scenario fetchBillRegression start
2023-11-29 22:26:01 PM  This is Test Scenario :fetchBillRegression get fail
2023-11-29 22:26:14 PM  chrome browser launch
2023-11-29 22:26:14 PM  Execution of Test Scenario fetchBillRegression start
2023-11-29 22:27:04 PM  User click on fetch Bill button 
2023-11-29 22:27:14 PM  Bill available 
2023-11-29 22:27:25 PM   Test Scenario fetchBillRegression execute Successfully 
2023-11-29 22:28:16 PM  chrome browser launch
2023-11-29 22:28:16 PM  Execution of Test Scenario fetchBillRegression start
2023-11-29 22:28:48 PM  User click on fetch Bill button 
2023-11-29 22:28:58 PM  Bill available 
2023-11-29 22:29:04 PM   Test Scenario fetchBillRegression execute Successfully 
2023-11-29 22:32:33 PM  chrome browser launch
2023-11-29 22:32:33 PM  Execution of Test Scenario fetchBillRegression start
2023-11-29 22:33:01 PM  User click on fetch Bill button 
2023-11-29 22:33:11 PM  Bill available 
2023-11-29 22:33:17 PM   Test Scenario fetchBillRegression execute Successfully 
2023-11-29 22:45:50 PM  chrome browser launch
2023-11-29 22:45:50 PM  Execution of Test Scenario fetchBillRegression start
2023-11-29 22:46:10 PM  User click on fetch Bill button 
2023-11-29 22:46:16 PM  Bill available 
2023-11-29 22:46:22 PM   Test Scenario fetchBillRegression execute Successfully 
2023-11-29 22:52:55 PM  chrome browser launch
2023-11-29 22:52:55 PM  Execution of Test Scenario fetchBillRegression start
2023-11-29 22:53:52 PM  This is Test Scenario :fetchBillRegression get fail
2023-11-29 22:54:09 PM  Execution of Test Scenario launchCommonBillerURL start
2023-11-29 22:54:09 PM  This is Test Scenario :launchCommonBillerURL get Skip
2023-11-29 22:54:09 PM  Execution of Test Scenario fetchBillRegression start
2023-11-29 22:54:09 PM  This is Test Scenario :fetchBillRegression get Skip
2023-11-29 22:54:26 PM  chrome browser launch
2023-11-29 22:54:26 PM  Execution of Test Scenario fetchBillRegression start
2023-11-29 22:55:53 PM  This is Test Scenario :fetchBillRegression get fail
2023-11-29 22:56:04 PM  chrome browser launch
2023-11-29 22:56:04 PM  Execution of Test Scenario fetchBillRegression start
2023-11-29 22:57:18 PM  This is Test Scenario :fetchBillRegression get fail
2023-11-29 22:57:27 PM  chrome browser launch
2023-11-29 22:57:27 PM  Execution of Test Scenario fetchBillRegression start
2023-11-29 22:59:08 PM  This is Test Scenario :fetchBillRegression get fail
2023-11-29 23:28:40 PM  chrome browser launch
2023-11-29 23:28:40 PM  Execution of Test Scenario fetchBillRegression start
2023-11-29 23:29:18 PM  This is Test Scenario :fetchBillRegression get fail
2023-11-29 23:29:37 PM  chrome browser launch
2023-11-29 23:29:37 PM  Execution of Test Scenario fetchBillRegression start
2023-11-29 23:30:39 PM  This is Test Scenario :fetchBillRegression get fail
