2023-10-17 14:42:16 PM  chrome browser launch
2023-10-17 14:43:16 PM  chrome browser launch
2023-10-17 14:43:16 PM  Execution of Test Scenario launchCommonBillerURL start
2023-10-17 14:43:18 PM   Test Scenario launchCommonBillerURL execute Successfully 
2023-10-17 14:46:36 PM  chrome browser launch
2023-10-17 14:46:36 PM  Execution of Test Scenario launchCommonBillerURL start
2023-10-17 14:46:47 PM  This is Test Scenario :launchCommonBillerURL get fail
2023-10-17 14:50:06 PM  chrome browser launch
2023-10-17 14:50:06 PM  Execution of Test Scenario launchCommonBillerURL start
2023-10-17 14:50:16 PM  This is Test Scenario :launchCommonBillerURL get fail
2023-10-17 14:50:35 PM  chrome browser launch
2023-10-17 14:50:35 PM  Execution of Test Scenario launchCommonBillerURL start
2023-10-17 14:50:46 PM  This is Test Scenario :launchCommonBillerURL get fail
2023-10-17 14:54:02 PM  chrome browser launch
2023-10-17 14:54:02 PM  Execution of Test Scenario launchCommonBillerURL start
2023-10-17 14:54:13 PM  This is Test Scenario :launchCommonBillerURL get fail
2023-10-17 14:56:37 PM  Execution of Test Scenario launchCommonBillerURL start
2023-10-17 14:56:37 PM  This is Test Scenario :launchCommonBillerURL get Skip
2023-10-17 14:56:48 PM  Execution of Test Scenario launchCommonBillerURL start
2023-10-17 14:56:48 PM  This is Test Scenario :launchCommonBillerURL get Skip
2023-10-17 14:58:45 PM  chrome browser launch
2023-10-17 14:58:46 PM  Execution of Test Scenario launchCommonBillerURL start
2023-10-17 14:58:54 PM  This is Test Scenario :launchCommonBillerURL get fail
2023-10-17 15:02:11 PM  chrome browser launch
2023-10-17 15:02:11 PM  Execution of Test Scenario launchCommonBillerURL start
2023-10-17 15:02:23 PM  This is Test Scenario :launchCommonBillerURL get fail
2023-10-17 15:04:55 PM  chrome browser launch
2023-10-17 15:04:55 PM  Execution of Test Scenario launchCommonBillerURL start
2023-10-17 15:05:07 PM  This is Test Scenario :launchCommonBillerURL get fail
2023-10-17 15:24:04 PM  chrome browser launch
2023-10-17 15:24:05 PM  Execution of Test Scenario launchCommonBillerURL start
2023-10-17 15:24:14 PM  This is Test Scenario :launchCommonBillerURL get fail
2023-10-17 15:27:59 PM  chrome browser launch
2023-10-17 15:27:59 PM  Execution of Test Scenario launchCommonBillerURL start
2023-10-17 15:28:08 PM  This is Test Scenario :launchCommonBillerURL get fail
2023-10-17 15:30:30 PM  chrome browser launch
2023-10-17 15:30:30 PM  Execution of Test Scenario launchCommonBillerURL start
2023-10-17 15:32:19 PM  This is Test Scenario :launchCommonBillerURL get fail
2023-10-17 15:37:57 PM  chrome browser launch
2023-10-17 15:37:57 PM  Execution of Test Scenario launchCommonBillerURL start
2023-10-17 15:39:10 PM  This is Test Scenario :launchCommonBillerURL get fail
