2023-12-06 10:42:16 AM  chrome browser launch
2023-12-06 10:42:16 AM  Execution of Test Scenario OpenURL start
2023-12-06 10:42:16 AM   Test Scenario OpenURL execute Successfully 
2023-12-06 10:42:16 AM  Execution of Test Scenario donateAmount start
2023-12-06 10:42:49 AM  This is Test Scenario :donateAmount get fail
2023-12-06 10:42:58 AM  chrome browser launch
2023-12-06 10:42:58 AM  Execution of Test Scenario OpenURL start
2023-12-06 10:43:00 AM   Test Scenario OpenURL execute Successfully 
2023-12-06 10:43:00 AM  Execution of Test Scenario payBill start
2023-12-06 10:43:02 AM  user click on Number on UPI checkbox 
2023-12-06 10:43:03 AM  user click on debit card with me checkbox
2023-12-06 10:43:03 AM  User click on get OTP Button 
2023-12-06 10:44:17 AM  User click on fetch Bill button 
2023-12-06 10:44:17 AM   Test Scenario payBill execute Successfully 
2023-12-06 10:46:21 AM  chrome browser launch
2023-12-06 10:46:21 AM  Execution of Test Scenario OpenURL start
2023-12-06 10:46:23 AM   Test Scenario OpenURL execute Successfully 
2023-12-06 10:46:23 AM  Execution of Test Scenario payBill start
2023-12-06 10:46:26 AM  user click on Number on UPI checkbox 
2023-12-06 10:46:27 AM  user click on debit card with me checkbox
2023-12-06 10:46:27 AM  User click on get OTP Button 
2023-12-06 10:49:49 AM  This is Test Scenario :payBill get fail
2023-12-06 10:50:14 AM  chrome browser launch
2023-12-06 10:50:14 AM  Execution of Test Scenario OpenURL start
2023-12-06 10:50:16 AM   Test Scenario OpenURL execute Successfully 
2023-12-06 10:50:16 AM  Execution of Test Scenario payBill start
2023-12-06 10:50:18 AM  user click on Number on UPI checkbox 
2023-12-06 10:50:20 AM  user click on debit card with me checkbox
2023-12-06 10:50:20 AM  User click on get OTP Button 
2023-12-06 10:51:13 AM  This is Test Scenario :payBill get fail
2023-12-06 10:51:16 AM  chrome browser launch
2023-12-06 10:51:17 AM  Execution of Test Scenario OpenURL start
2023-12-06 10:51:19 AM   Test Scenario OpenURL execute Successfully 
2023-12-06 10:51:19 AM  Execution of Test Scenario payBill start
2023-12-06 10:51:21 AM  user click on Number on UPI checkbox 
2023-12-06 10:51:22 AM  user click on debit card with me checkbox
2023-12-06 10:51:22 AM  User click on get OTP Button 
2023-12-06 10:51:53 AM  This is Test Scenario :payBill get fail
2023-12-06 11:04:23 AM  chrome browser launch
2023-12-06 11:04:23 AM  Execution of Test Scenario OpenURL start
2023-12-06 11:04:25 AM   Test Scenario OpenURL execute Successfully 
2023-12-06 11:04:25 AM  Execution of Test Scenario payBill start
2023-12-06 11:04:27 AM  user click on Number on UPI checkbox 
2023-12-06 11:04:28 AM  user click on debit card with me checkbox
2023-12-06 11:04:28 AM  User click on get OTP Button 
2023-12-06 11:07:08 AM  User click on fetch Bill button 
2023-12-06 11:07:08 AM   Test Scenario payBill execute Successfully 
2023-12-06 11:07:11 AM  chrome browser launch
2023-12-06 11:07:11 AM  Execution of Test Scenario OpenURL start
2023-12-06 11:07:13 AM   Test Scenario OpenURL execute Successfully 
2023-12-06 11:07:13 AM  Execution of Test Scenario payBill start
2023-12-06 11:07:15 AM  user click on Number on UPI checkbox 
2023-12-06 11:07:16 AM  user click on debit card with me checkbox
2023-12-06 11:07:16 AM  User click on get OTP Button 
2023-12-06 11:07:45 AM  User Clicked on Add another consumer number radio Button
2023-12-06 11:10:46 AM  This is Test Scenario :payBill get fail
2023-12-06 11:24:00 AM  chrome browser launch
2023-12-06 11:24:00 AM  Execution of Test Scenario OpenURL start
2023-12-06 11:24:02 AM   Test Scenario OpenURL execute Successfully 
2023-12-06 11:24:02 AM  Execution of Test Scenario payBill start
2023-12-06 11:24:05 AM  user click on Number on UPI checkbox 
2023-12-06 11:24:06 AM  user click on debit card with me checkbox
2023-12-06 11:24:06 AM  User click on get OTP Button 
2023-12-06 11:24:35 AM  User Clicked on Add another consumer number radio Button
2023-12-06 11:27:36 AM  This is Test Scenario :payBill get fail
2023-12-06 12:51:31 PM  chrome browser launch
2023-12-06 12:51:31 PM  Execution of Test Scenario OpenURL start
2023-12-06 12:51:33 PM   Test Scenario OpenURL execute Successfully 
2023-12-06 12:51:33 PM  Execution of Test Scenario payBill start
2023-12-06 12:51:36 PM  user click on Number on UPI checkbox 
2023-12-06 12:51:37 PM  user click on debit card with me checkbox
2023-12-06 12:51:37 PM  User click on get OTP Button 
2023-12-06 12:52:06 PM  User Clicked on Add another consumer number radio Button
2023-12-06 12:52:07 PM  User click on fetch Bill button 
2023-12-06 12:52:14 PM  Bill Available for entered Consumer Number 
2023-12-06 12:55:15 PM  This is Test Scenario :payBill get fail
2023-12-06 15:51:13 PM  chrome browser launch
2023-12-06 15:51:13 PM  Execution of Test Scenario OpenURL start
2023-12-06 15:51:16 PM   Test Scenario OpenURL execute Successfully 
2023-12-06 15:51:16 PM  Execution of Test Scenario payBill start
2023-12-06 15:51:18 PM  user click on Number on UPI checkbox 
2023-12-06 15:51:20 PM  user click on debit card with me checkbox
2023-12-06 15:51:20 PM  User click on get OTP Button 
2023-12-06 15:51:48 PM  User Clicked on Add another consumer number radio Button
2023-12-06 15:51:50 PM  User click on fetch Bill button 
2023-12-06 15:51:57 PM  Bill Available for entered Consumer Number 
2023-12-06 15:51:57 PM   Test Scenario payBill execute Successfully 
2023-12-06 15:59:39 PM  chrome browser launch
2023-12-06 15:59:39 PM  Execution of Test Scenario OpenURL start
2023-12-06 15:59:41 PM   Test Scenario OpenURL execute Successfully 
2023-12-06 15:59:41 PM  Execution of Test Scenario payBill start
2023-12-06 15:59:44 PM  user click on Number on UPI checkbox 
2023-12-06 15:59:45 PM  user click on debit card with me checkbox
2023-12-06 15:59:45 PM  User click on get OTP Button 
2023-12-06 16:00:14 PM  User Clicked on Add another consumer number radio Button
2023-12-06 16:00:15 PM  User click on fetch Bill button 
2023-12-06 16:00:22 PM  Bill Available for entered Consumer Number 
2023-12-06 16:00:22 PM   Test Scenario payBill execute Successfully 
2023-12-06 18:51:13 PM  chrome browser launch
2023-12-06 18:51:13 PM  Execution of Test Scenario OpenURL start
2023-12-06 18:51:15 PM   Test Scenario OpenURL execute Successfully 
2023-12-06 18:51:15 PM  Execution of Test Scenario payBill start
2023-12-06 18:51:17 PM  user click on Number on UPI checkbox 
2023-12-06 18:51:18 PM  user click on debit card with me checkbox
2023-12-06 18:51:19 PM  User click on get OTP Button 
2023-12-06 18:51:47 PM  User Clicked on Add another consumer number radio Button
2023-12-06 18:51:49 PM  User click on fetch Bill button 
2023-12-06 18:51:56 PM  Bill Available for entered Consumer Number 
2023-12-06 18:51:56 PM   Test Scenario payBill execute Successfully 
2023-12-06 19:03:52 PM  chrome browser launch
2023-12-06 19:03:52 PM  Execution of Test Scenario OpenURL start
2023-12-06 19:03:54 PM   Test Scenario OpenURL execute Successfully 
2023-12-06 19:03:54 PM  Execution of Test Scenario payBill start
2023-12-06 19:03:56 PM  user click on Number on UPI checkbox 
2023-12-06 19:03:57 PM  user click on debit card with me checkbox
2023-12-06 19:03:57 PM  User click on get OTP Button 
2023-12-06 19:04:34 PM  This is Test Scenario :payBill get fail
2023-12-06 19:04:42 PM  chrome browser launch
2023-12-06 19:04:42 PM  Execution of Test Scenario OpenURL start
2023-12-06 19:04:44 PM   Test Scenario OpenURL execute Successfully 
2023-12-06 19:04:44 PM  Execution of Test Scenario payBill start
2023-12-06 19:04:46 PM  user click on Number on UPI checkbox 
2023-12-06 19:04:47 PM  user click on debit card with me checkbox
2023-12-06 19:04:47 PM  User click on get OTP Button 
2023-12-06 19:05:16 PM  User Clicked on Add another consumer number radio Button
2023-12-06 19:05:17 PM  User click on fetch Bill button 
2023-12-06 19:05:24 PM  Bill Available for entered Consumer Number 
2023-12-06 19:05:24 PM   Test Scenario payBill execute Successfully 
