2024-10-23 13:02:15,653 [Worker-4: Loading available Gradle versions] INFO  o.e.b.c.i.u.g.PublishedGradleVersions - Gradle version information cache is up-to-date. Trying to read.
2024-10-23 13:02:44,758 [Worker-0: Loading available Gradle versions] INFO  o.e.b.c.i.u.g.PublishedGradleVersions - Gradle version information cache is up-to-date. Trying to read.
2024-10-23 13:03:22,118 [Worker-2: Importing Maven projects] INFO  o.e.m.c.i.l.LifecycleMappingFactory - Using org.eclipse.m2e.jdt.JarLifecycleMapping lifecycle mapping for MavenProject: EnterpriseMerchantApp:EnterpriseMerchantApp:0.0.1-SNAPSHOT @ D:\Yogesh\Automation Projects\EnterpriseMerchantApp\AdminPanelApp\pom.xml.
2024-10-23 13:03:28,933 [Worker-2: Importing Maven projects] INFO  o.e.m.c.i.l.LifecycleMappingFactory - Using org.eclipse.m2e.jdt.JarLifecycleMapping lifecycle mapping for MavenProject: CucumberMobileAutomationFramework:CucumberMobileAutomationFramework:0.0.1-SNAPSHOT @ D:\Yogesh\Automation Projects\EnterpriseMerchantApp\CucumberMobileAutomation\pom.xml.
2024-10-23 13:03:30,593 [Worker-2: Importing Maven projects] INFO  o.e.m.c.i.e.AbstractTransferListenerAdapter - Downloading https://repo.maven.apache.org/maven2/io/cucumber/messages/maven-metadata.xml
2024-10-23 13:03:30,628 [Worker-2: Importing Maven projects] INFO  o.e.m.c.i.e.AbstractTransferListenerAdapter - Downloaded https://repo.maven.apache.org/maven2/io/cucumber/messages/maven-metadata.xml
2024-10-23 13:03:31,131 [Worker-2: Importing Maven projects] INFO  o.e.m.c.i.e.AbstractTransferListenerAdapter - Downloading https://repo.maven.apache.org/maven2/io/cucumber/query/maven-metadata.xml
2024-10-23 13:03:31,152 [Worker-2: Importing Maven projects] INFO  o.e.m.c.i.e.AbstractTransferListenerAdapter - Downloaded https://repo.maven.apache.org/maven2/io/cucumber/query/maven-metadata.xml
2024-10-23 13:03:31,563 [Worker-2: Importing Maven projects] INFO  o.e.m.c.i.e.AbstractTransferListenerAdapter - Downloading https://repo.maven.apache.org/maven2/org/seleniumhq/selenium/selenium-api/maven-metadata.xml
2024-10-23 13:03:31,584 [Worker-2: Importing Maven projects] INFO  o.e.m.c.i.e.AbstractTransferListenerAdapter - Downloaded https://repo.maven.apache.org/maven2/org/seleniumhq/selenium/selenium-api/maven-metadata.xml
2024-10-23 13:03:31,851 [Worker-2: Importing Maven projects] INFO  o.e.m.c.i.e.AbstractTransferListenerAdapter - Downloading https://repo.maven.apache.org/maven2/org/seleniumhq/selenium/selenium-remote-driver/maven-metadata.xml
2024-10-23 13:03:31,872 [Worker-2: Importing Maven projects] INFO  o.e.m.c.i.e.AbstractTransferListenerAdapter - Downloaded https://repo.maven.apache.org/maven2/org/seleniumhq/selenium/selenium-remote-driver/maven-metadata.xml
2024-10-23 13:03:34,770 [Worker-2: Importing Maven projects] INFO  o.e.m.c.i.e.AbstractTransferListenerAdapter - Downloading https://repo.maven.apache.org/maven2/org/seleniumhq/selenium/selenium-support/maven-metadata.xml
2024-10-23 13:03:34,792 [Worker-2: Importing Maven projects] INFO  o.e.m.c.i.e.AbstractTransferListenerAdapter - Downloaded https://repo.maven.apache.org/maven2/org/seleniumhq/selenium/selenium-support/maven-metadata.xml
2024-10-23 13:03:35,424 [Worker-2: Importing Maven projects] INFO  o.e.m.c.i.l.LifecycleMappingFactory - Using org.eclipse.m2e.jdt.JarLifecycleMapping lifecycle mapping for MavenProject: EMAutomation:EMAutomation:0.0.1-SNAPSHOT @ D:\Yogesh\Automation Projects\EnterpriseMerchantApp\EMAutomation\pom.xml.
2024-10-23 13:03:36,004 [Worker-2: Importing Maven projects] INFO  o.e.m.c.i.l.LifecycleMappingFactory - Using org.eclipse.m2e.jdt.JarLifecycleMapping lifecycle mapping for MavenProject: EnterpriseMerchantApp:EnterpriseMerchantApp:0.0.1-SNAPSHOT @ D:\Yogesh\Automation Projects\EnterpriseMerchantApp\EnterpriseMerchantApp\pom.xml.
2024-10-23 13:03:36,989 [Worker-2: Importing Maven projects] INFO  o.e.m.c.i.l.LifecycleMappingFactory - Using org.eclipse.m2e.jdt.JarLifecycleMapping lifecycle mapping for MavenProject: LandingPages:LandingPages:0.0.1-SNAPSHOT @ D:\Yogesh\Automation Projects\EnterpriseMerchantApp\LandingPages\pom.xml.
2024-10-23 13:03:37,548 [Worker-2: Importing Maven projects] INFO  o.e.m.c.i.l.LifecycleMappingFactory - Using org.eclipse.m2e.jdt.JarLifecycleMapping lifecycle mapping for MavenProject: O2OLandingPages:O2OLandingPages:0.0.1-SNAPSHOT @ D:\Yogesh\Automation Projects\EnterpriseMerchantApp\O2OLandingPages\pom.xml.
2024-10-23 13:03:37,676 [Worker-2: Importing Maven projects] INFO  o.e.m.c.i.l.LifecycleMappingFactory - Using org.eclipse.m2e.jdt.JarLifecycleMapping lifecycle mapping for MavenProject: RestThresholdAPI:RestThresholdAPI:0.0.1-SNAPSHOT @ D:\Yogesh\Automation Projects\EnterpriseMerchantApp\RestThresholdAPI\pom.xml.
2024-10-23 13:03:57,560 [Worker-2: Importing Maven projects] INFO  o.e.m.j.i.AbstractJavaProjectConfigurator - Adding source folder /O2OLandingPages/src/main/java
2024-10-23 13:03:57,563 [Worker-2: Importing Maven projects] INFO  o.e.m.j.i.AbstractJavaProjectConfigurator - Adding resource folder /O2OLandingPages/src/main/resources
2024-10-23 13:03:57,564 [Worker-2: Importing Maven projects] INFO  o.e.m.j.i.AbstractJavaProjectConfigurator - Adding source folder /O2OLandingPages/src/test/java
2024-10-23 13:03:57,565 [Worker-2: Importing Maven projects] INFO  o.e.m.j.i.AbstractJavaProjectConfigurator - Adding resource folder /O2OLandingPages/src/test/resources
2024-10-23 13:03:57,870 [Worker-2: Importing Maven projects] INFO  o.e.m.j.i.AbstractJavaProjectConfigurator - Adding source folder /EnterpriseMerchantApp/src/main/java
2024-10-23 13:03:57,871 [Worker-2: Importing Maven projects] INFO  o.e.m.j.i.AbstractJavaProjectConfigurator - Adding resource folder /EnterpriseMerchantApp/src/main/resources
2024-10-23 13:03:57,871 [Worker-2: Importing Maven projects] INFO  o.e.m.j.i.AbstractJavaProjectConfigurator - Adding source folder /EnterpriseMerchantApp/src/test/java
2024-10-23 13:03:57,872 [Worker-2: Importing Maven projects] INFO  o.e.m.j.i.AbstractJavaProjectConfigurator - Adding resource folder /EnterpriseMerchantApp/src/test/resources
2024-10-23 13:03:58,793 [Worker-2: Importing Maven projects] INFO  o.e.m.j.i.AbstractJavaProjectConfigurator - Adding source folder /CucumberMobileAutomation/src/main/java
2024-10-23 13:03:58,794 [Worker-2: Importing Maven projects] INFO  o.e.m.j.i.AbstractJavaProjectConfigurator - Adding resource folder /CucumberMobileAutomation/src/main/resources
2024-10-23 13:03:58,795 [Worker-2: Importing Maven projects] INFO  o.e.m.j.i.AbstractJavaProjectConfigurator - Adding source folder /CucumberMobileAutomation/src/test/java
2024-10-23 13:03:58,796 [Worker-2: Importing Maven projects] INFO  o.e.m.j.i.AbstractJavaProjectConfigurator - Adding resource folder /CucumberMobileAutomation/src/test/resources
2024-10-23 13:03:58,998 [Worker-2: Importing Maven projects] INFO  o.e.m.j.i.AbstractJavaProjectConfigurator - Adding source folder /EMAutomation/src/main/java
2024-10-23 13:03:58,999 [Worker-2: Importing Maven projects] INFO  o.e.m.j.i.AbstractJavaProjectConfigurator - Adding resource folder /EMAutomation/src/main/resources
2024-10-23 13:03:58,999 [Worker-2: Importing Maven projects] INFO  o.e.m.j.i.AbstractJavaProjectConfigurator - Adding source folder /EMAutomation/src/test/java
2024-10-23 13:03:59,000 [Worker-2: Importing Maven projects] INFO  o.e.m.j.i.AbstractJavaProjectConfigurator - Adding resource folder /EMAutomation/src/test/resources
2024-10-23 13:03:59,258 [Worker-2: Importing Maven projects] INFO  o.e.m.j.i.AbstractJavaProjectConfigurator - Adding source folder /LandingPages/src/main/java
2024-10-23 13:03:59,259 [Worker-2: Importing Maven projects] INFO  o.e.m.j.i.AbstractJavaProjectConfigurator - Adding resource folder /LandingPages/src/main/resources
2024-10-23 13:03:59,259 [Worker-2: Importing Maven projects] INFO  o.e.m.j.i.AbstractJavaProjectConfigurator - Adding source folder /LandingPages/src/test/java
2024-10-23 13:03:59,262 [Worker-2: Importing Maven projects] INFO  o.e.m.j.i.AbstractJavaProjectConfigurator - Adding resource folder /LandingPages/src/test/resources
2024-10-23 13:03:59,627 [Worker-2: Importing Maven projects] INFO  o.e.m.j.i.AbstractJavaProjectConfigurator - Adding source folder /RestThresholdAPI/src/main/java
2024-10-23 13:03:59,627 [Worker-2: Importing Maven projects] INFO  o.e.m.j.i.AbstractJavaProjectConfigurator - Adding resource folder /RestThresholdAPI/src/main/resources
2024-10-23 13:03:59,628 [Worker-2: Importing Maven projects] INFO  o.e.m.j.i.AbstractJavaProjectConfigurator - Adding source folder /RestThresholdAPI/src/test/java
2024-10-23 13:03:59,628 [Worker-2: Importing Maven projects] INFO  o.e.m.j.i.AbstractJavaProjectConfigurator - Adding resource folder /RestThresholdAPI/src/test/resources
2024-10-23 13:03:59,718 [Worker-2: Importing Maven projects] INFO  o.e.m.c.i.p.ProjectConfigurationManager - Imported and configured 7 project(s) in 45 sec
2024-10-23 13:04:00,468 [Worker-0: Updating Maven Project] INFO  o.e.m.c.i.p.ProjectConfigurationManager - Update started
2024-10-23 13:04:01,784 [Worker-0: Updating Maven Project] INFO  o.e.m.c.i.l.LifecycleMappingFactory - Using org.eclipse.m2e.jdt.JarLifecycleMapping lifecycle mapping for MavenProject: EnterpriseMerchantApp:EnterpriseMerchantApp:0.0.1-SNAPSHOT @ D:\Yogesh\Automation Projects\EnterpriseMerchantApp\AdminPanelApp\pom.xml.
2024-10-23 13:04:02,837 [Worker-0: Updating Maven Project] INFO  o.e.m.c.i.l.LifecycleMappingFactory - Using org.eclipse.m2e.jdt.JarLifecycleMapping lifecycle mapping for MavenProject: CucumberMobileAutomationFramework:CucumberMobileAutomationFramework:0.0.1-SNAPSHOT @ D:\Yogesh\Automation Projects\EnterpriseMerchantApp\CucumberMobileAutomation\pom.xml.
2024-10-23 13:04:03,843 [Worker-0: Updating Maven Project] INFO  o.e.m.c.i.l.LifecycleMappingFactory - Using org.eclipse.m2e.jdt.JarLifecycleMapping lifecycle mapping for MavenProject: EMAutomation:EMAutomation:0.0.1-SNAPSHOT @ D:\Yogesh\Automation Projects\EnterpriseMerchantApp\EMAutomation\pom.xml.
2024-10-23 13:04:04,119 [Worker-0: Updating Maven Project] INFO  o.e.m.c.i.l.LifecycleMappingFactory - Using org.eclipse.m2e.jdt.JarLifecycleMapping lifecycle mapping for MavenProject: EnterpriseMerchantApp:EnterpriseMerchantApp:0.0.1-SNAPSHOT @ D:\Yogesh\Automation Projects\EnterpriseMerchantApp\EnterpriseMerchantApp\pom.xml.
2024-10-23 13:04:04,530 [Worker-0: Updating Maven Project] INFO  o.e.m.c.i.l.LifecycleMappingFactory - Using org.eclipse.m2e.jdt.JarLifecycleMapping lifecycle mapping for MavenProject: LandingPages:LandingPages:0.0.1-SNAPSHOT @ D:\Yogesh\Automation Projects\EnterpriseMerchantApp\LandingPages\pom.xml.
2024-10-23 13:04:04,780 [Worker-0: Updating Maven Project] INFO  o.e.m.c.i.l.LifecycleMappingFactory - Using org.eclipse.m2e.jdt.JarLifecycleMapping lifecycle mapping for MavenProject: O2OLandingPages:O2OLandingPages:0.0.1-SNAPSHOT @ D:\Yogesh\Automation Projects\EnterpriseMerchantApp\O2OLandingPages\pom.xml.
2024-10-23 13:04:05,109 [Worker-0: Updating Maven Project] INFO  o.e.m.c.i.l.LifecycleMappingFactory - Using org.eclipse.m2e.jdt.JarLifecycleMapping lifecycle mapping for MavenProject: RestThresholdAPI:RestThresholdAPI:0.0.1-SNAPSHOT @ D:\Yogesh\Automation Projects\EnterpriseMerchantApp\RestThresholdAPI\pom.xml.
2024-10-23 13:04:07,023 [Worker-0: Updating Maven Project] INFO  o.e.m.j.i.AbstractJavaProjectConfigurator - Adding source folder /AdminPanelApp/src/main/java
2024-10-23 13:04:07,024 [Worker-0: Updating Maven Project] INFO  o.e.m.j.i.AbstractJavaProjectConfigurator - Adding resource folder /AdminPanelApp/src/main/resources
2024-10-23 13:04:07,024 [Worker-0: Updating Maven Project] INFO  o.e.m.j.i.AbstractJavaProjectConfigurator - Adding source folder /AdminPanelApp/src/test/java
2024-10-23 13:04:07,025 [Worker-0: Updating Maven Project] INFO  o.e.m.j.i.AbstractJavaProjectConfigurator - Adding resource folder /AdminPanelApp/src/test/resources
2024-10-23 13:04:07,336 [Worker-0: Updating Maven Project] INFO  o.e.m.j.i.AbstractJavaProjectConfigurator - Adding source folder /CucumberMobileAutomation/src/main/java
2024-10-23 13:04:07,337 [Worker-0: Updating Maven Project] INFO  o.e.m.j.i.AbstractJavaProjectConfigurator - Adding resource folder /CucumberMobileAutomation/src/main/resources
2024-10-23 13:04:07,337 [Worker-0: Updating Maven Project] INFO  o.e.m.j.i.AbstractJavaProjectConfigurator - Adding source folder /CucumberMobileAutomation/src/test/java
2024-10-23 13:04:07,338 [Worker-0: Updating Maven Project] INFO  o.e.m.j.i.AbstractJavaProjectConfigurator - Adding resource folder /CucumberMobileAutomation/src/test/resources
2024-10-23 13:04:07,488 [Worker-0: Updating Maven Project] INFO  o.e.m.j.i.AbstractJavaProjectConfigurator - Adding source folder /EMAutomation/src/main/java
2024-10-23 13:04:07,489 [Worker-0: Updating Maven Project] INFO  o.e.m.j.i.AbstractJavaProjectConfigurator - Adding resource folder /EMAutomation/src/main/resources
2024-10-23 13:04:07,489 [Worker-0: Updating Maven Project] INFO  o.e.m.j.i.AbstractJavaProjectConfigurator - Adding source folder /EMAutomation/src/test/java
2024-10-23 13:04:07,490 [Worker-0: Updating Maven Project] INFO  o.e.m.j.i.AbstractJavaProjectConfigurator - Adding resource folder /EMAutomation/src/test/resources
2024-10-23 13:04:07,764 [Worker-0: Updating Maven Project] INFO  o.e.m.j.i.AbstractJavaProjectConfigurator - Adding source folder /EnterpriseMerchantApp/src/main/java
2024-10-23 13:04:07,767 [Worker-0: Updating Maven Project] INFO  o.e.m.j.i.AbstractJavaProjectConfigurator - Adding resource folder /EnterpriseMerchantApp/src/main/resources
2024-10-23 13:04:07,767 [Worker-0: Updating Maven Project] INFO  o.e.m.j.i.AbstractJavaProjectConfigurator - Adding source folder /EnterpriseMerchantApp/src/test/java
2024-10-23 13:04:07,768 [Worker-0: Updating Maven Project] INFO  o.e.m.j.i.AbstractJavaProjectConfigurator - Adding resource folder /EnterpriseMerchantApp/src/test/resources
2024-10-23 13:04:08,060 [Worker-0: Updating Maven Project] INFO  o.e.m.j.i.AbstractJavaProjectConfigurator - Adding source folder /LandingPages/src/main/java
2024-10-23 13:04:08,061 [Worker-0: Updating Maven Project] INFO  o.e.m.j.i.AbstractJavaProjectConfigurator - Adding resource folder /LandingPages/src/main/resources
2024-10-23 13:04:08,062 [Worker-0: Updating Maven Project] INFO  o.e.m.j.i.AbstractJavaProjectConfigurator - Adding source folder /LandingPages/src/test/java
2024-10-23 13:04:08,062 [Worker-0: Updating Maven Project] INFO  o.e.m.j.i.AbstractJavaProjectConfigurator - Adding resource folder /LandingPages/src/test/resources
2024-10-23 13:04:08,587 [Worker-0: Updating Maven Project] INFO  o.e.m.j.i.AbstractJavaProjectConfigurator - Adding source folder /O2OLandingPages/src/main/java
2024-10-23 13:04:08,588 [Worker-0: Updating Maven Project] INFO  o.e.m.j.i.AbstractJavaProjectConfigurator - Adding resource folder /O2OLandingPages/src/main/resources
2024-10-23 13:04:08,588 [Worker-0: Updating Maven Project] INFO  o.e.m.j.i.AbstractJavaProjectConfigurator - Adding source folder /O2OLandingPages/src/test/java
2024-10-23 13:04:08,589 [Worker-0: Updating Maven Project] INFO  o.e.m.j.i.AbstractJavaProjectConfigurator - Adding resource folder /O2OLandingPages/src/test/resources
2024-10-23 13:04:08,949 [Worker-0: Updating Maven Project] INFO  o.e.m.j.i.AbstractJavaProjectConfigurator - Adding source folder /RestThresholdAPI/src/main/java
2024-10-23 13:04:08,951 [Worker-0: Updating Maven Project] INFO  o.e.m.j.i.AbstractJavaProjectConfigurator - Adding resource folder /RestThresholdAPI/src/main/resources
2024-10-23 13:04:08,951 [Worker-0: Updating Maven Project] INFO  o.e.m.j.i.AbstractJavaProjectConfigurator - Adding source folder /RestThresholdAPI/src/test/java
2024-10-23 13:04:08,952 [Worker-0: Updating Maven Project] INFO  o.e.m.j.i.AbstractJavaProjectConfigurator - Adding resource folder /RestThresholdAPI/src/test/resources
2024-10-23 13:04:09,694 [Worker-0: Updating Maven Project] INFO  o.e.m.c.i.p.ProjectConfigurationManager - Update completed for 7 poms: local refresh takes 0.00 sec, refresh facades takes 6.00 sec, update config takes 2.00 sec 
2024-10-23 13:04:09,712 [Worker-9: Updating Maven Project] INFO  o.e.m.c.i.p.ProjectConfigurationManager - Update started
2024-10-23 13:04:09,883 [Worker-9: Updating Maven Project] INFO  o.e.m.c.i.l.LifecycleMappingFactory - Using org.eclipse.m2e.jdt.JarLifecycleMapping lifecycle mapping for MavenProject: EnterpriseMerchantApp:EnterpriseMerchantApp:0.0.1-SNAPSHOT @ D:\Yogesh\Automation Projects\EnterpriseMerchantApp\AdminPanelApp\pom.xml.
2024-10-23 13:04:12,549 [Worker-9: Updating Maven Project] INFO  o.e.m.j.i.AbstractJavaProjectConfigurator - Adding source folder /AdminPanelApp/src/main/java
2024-10-23 13:04:12,550 [Worker-9: Updating Maven Project] INFO  o.e.m.j.i.AbstractJavaProjectConfigurator - Adding resource folder /AdminPanelApp/src/main/resources
2024-10-23 13:04:12,551 [Worker-9: Updating Maven Project] INFO  o.e.m.j.i.AbstractJavaProjectConfigurator - Adding source folder /AdminPanelApp/src/test/java
2024-10-23 13:04:12,552 [Worker-9: Updating Maven Project] INFO  o.e.m.j.i.AbstractJavaProjectConfigurator - Adding resource folder /AdminPanelApp/src/test/resources
2024-10-23 13:04:12,998 [Worker-9: Updating Maven Project] INFO  o.e.m.c.i.p.ProjectConfigurationManager - Update completed for 1 poms: local refresh takes 0.00 sec, refresh facades takes 2.00 sec, update config takes 0.00 sec 
2024-10-23 13:04:14,585 [Worker-14: Building] INFO  o.e.m.c.i.embedder.EclipseLogger - Using 'UTF-8' encoding to copy filtered resources.
2024-10-23 13:04:14,585 [Worker-14: Building] INFO  o.e.m.c.i.embedder.EclipseLogger - skip non existing resourceDirectory D:\Yogesh\Automation Projects\EnterpriseMerchantApp\AdminPanelApp\src\main\resources
2024-10-23 13:04:14,592 [Worker-14: Building] INFO  o.e.m.c.i.embedder.EclipseLogger - Using 'UTF-8' encoding to copy filtered resources.
2024-10-23 13:04:14,592 [Worker-14: Building] INFO  o.e.m.c.i.embedder.EclipseLogger - skip non existing resourceDirectory D:\Yogesh\Automation Projects\EnterpriseMerchantApp\AdminPanelApp\src\test\resources
2024-10-23 13:04:15,050 [Worker-14: Building] INFO  o.a.m.s.f.DefaultMavenResourcesFiltering - skip non existing resourceDirectory D:\Yogesh\Automation Projects\EnterpriseMerchantApp\CucumberMobileAutomation\src\main\resources
2024-10-23 13:04:15,054 [Worker-14: Building] INFO  o.a.m.s.f.DefaultMavenResourcesFiltering - skip non existing resourceDirectory D:\Yogesh\Automation Projects\EnterpriseMerchantApp\CucumberMobileAutomation\src\test\resources
2024-10-23 13:04:16,322 [Worker-14: Building] INFO  o.e.m.c.i.embedder.EclipseLogger - Using 'UTF-8' encoding to copy filtered resources.
2024-10-23 13:04:16,322 [Worker-14: Building] INFO  o.e.m.c.i.embedder.EclipseLogger - skip non existing resourceDirectory D:\Yogesh\Automation Projects\EnterpriseMerchantApp\EMAutomation\src\main\resources
2024-10-23 13:04:16,325 [Worker-14: Building] INFO  o.e.m.c.i.embedder.EclipseLogger - Using 'UTF-8' encoding to copy filtered resources.
2024-10-23 13:04:16,325 [Worker-14: Building] INFO  o.e.m.c.i.embedder.EclipseLogger - skip non existing resourceDirectory D:\Yogesh\Automation Projects\EnterpriseMerchantApp\EMAutomation\src\test\resources
2024-10-23 13:04:17,035 [Worker-14: Building] INFO  o.e.m.c.i.embedder.EclipseLogger - Using 'UTF-8' encoding to copy filtered resources.
2024-10-23 13:04:17,036 [Worker-14: Building] INFO  o.e.m.c.i.embedder.EclipseLogger - skip non existing resourceDirectory D:\Yogesh\Automation Projects\EnterpriseMerchantApp\EnterpriseMerchantApp\src\main\resources
2024-10-23 13:04:17,041 [Worker-14: Building] INFO  o.e.m.c.i.embedder.EclipseLogger - Using 'UTF-8' encoding to copy filtered resources.
2024-10-23 13:04:17,041 [Worker-14: Building] INFO  o.e.m.c.i.embedder.EclipseLogger - skip non existing resourceDirectory D:\Yogesh\Automation Projects\EnterpriseMerchantApp\EnterpriseMerchantApp\src\test\resources
2024-10-23 13:04:18,109 [Worker-14: Building] INFO  o.e.m.c.i.embedder.EclipseLogger - Using 'UTF-8' encoding to copy filtered resources.
2024-10-23 13:04:18,119 [Worker-14: Building] INFO  o.e.m.c.i.embedder.EclipseLogger - Copying 0 resource
2024-10-23 13:04:18,121 [Worker-14: Building] INFO  o.e.m.c.i.embedder.EclipseLogger - Using 'UTF-8' encoding to copy filtered resources.
2024-10-23 13:04:18,122 [Worker-14: Building] INFO  o.e.m.c.i.embedder.EclipseLogger - Copying 0 resource
2024-10-23 13:04:18,957 [Worker-14: Building] INFO  o.e.m.c.i.embedder.EclipseLogger - Using 'UTF-8' encoding to copy filtered resources.
2024-10-23 13:04:18,957 [Worker-14: Building] INFO  o.e.m.c.i.embedder.EclipseLogger - skip non existing resourceDirectory D:\Yogesh\Automation Projects\EnterpriseMerchantApp\O2OLandingPages\src\main\resources
2024-10-23 13:04:18,959 [Worker-14: Building] INFO  o.e.m.c.i.embedder.EclipseLogger - Using 'UTF-8' encoding to copy filtered resources.
2024-10-23 13:04:18,959 [Worker-14: Building] INFO  o.e.m.c.i.embedder.EclipseLogger - skip non existing resourceDirectory D:\Yogesh\Automation Projects\EnterpriseMerchantApp\O2OLandingPages\src\test\resources
2024-10-23 13:04:19,147 [Worker-14: Building] INFO  o.a.m.s.f.DefaultMavenResourcesFiltering - skip non existing resourceDirectory D:\Yogesh\Automation Projects\EnterpriseMerchantApp\RestThresholdAPI\src\main\resources
2024-10-23 13:04:19,152 [Worker-14: Building] INFO  o.a.m.s.f.DefaultMavenResourcesFiltering - skip non existing resourceDirectory D:\Yogesh\Automation Projects\EnterpriseMerchantApp\RestThresholdAPI\src\test\resources
2024-10-23 16:14:16,386 [Worker-8: Building] INFO  o.e.m.c.i.embedder.EclipseLogger - Using 'UTF-8' encoding to copy filtered resources.
2024-10-23 16:14:16,447 [Worker-8: Building] INFO  o.e.m.c.i.embedder.EclipseLogger - Copying 0 resource
2024-10-23 16:14:16,455 [Worker-8: Building] INFO  o.e.m.c.i.embedder.EclipseLogger - Using 'UTF-8' encoding to copy filtered resources.
2024-10-23 16:14:16,456 [Worker-8: Building] INFO  o.e.m.c.i.embedder.EclipseLogger - Copying 0 resource
